----------------------------------------------------------------
<<<<<<< HEAD
Tue Dec 15 12:30:02 CET 2015:
Amorçage de Derby version The Apache Software Foundation - Apache Derby - 10.8.3.2 - (1557835) : instance a816c00e-0151-a567-81b3-000006daa5c0 
=======
<<<<<<< HEAD
Tue Dec 15 11:38:43 CET 2015:
Amorçage de Derby version The Apache Software Foundation - Apache Derby - 10.10.2.0 - (1582446) : instance a816c00e-0151-a538-8370-00000e767738 
dans le répertoire de base de données /Users/Matthieu/Documents/HEC/HEC/POO/PrisonBreak/quizz avec le chargeur de classe sun.misc.Launcher$AppClassLoader@49476842
Chargé de file:/Applications/NetBeans/glassfish-4.1/javadb/lib/derby.jar
=======
Mon Dec 14 21:00:33 CET 2015:
Amorçage de Derby version The Apache Software Foundation - Apache Derby - 10.8.3.2 - (1557835) : instance a816c00e-0151-a214-86d1-000006da01c8 
>>>>>>> 0a8e4ab857e42e1a37f4667d1996530f54aaa74f
dans le répertoire de base de données C:\Users\Florent\Dropbox\Master\POO\PrisonBreak\quizz  avec le chargeur de classe sun.misc.Launcher$AppClassLoader@60e53b93

>>>>>>> 433f7846bec8cb82971fa2e1cc93ffbf9c2d06e8
java.vendor=Oracle Corporation
java.runtime.version=1.8.0_40-b27
user.dir=/Users/Matthieu/Documents/HEC/HEC/POO/PrisonBreak
os.name=Mac OS X
os.arch=x86_64
os.version=10.10.5
derby.system.home=null
Chargeur de classe de la base de données démarré - derby.database.classpath = ''
